<?xml version="1.0" encoding="UTF-8"?>
<!-- Generated by org.testng.reporters.JUnitReportReporter -->
<testsuite hostname="DESKTOP-32AV7CG" name="com.org.Example.Tags_Create_Customer_Admin_Requestor" tests="1" failures="0" timestamp="22 Aug 2016 04:33:47 GMT" time="65.842" errors="0">
  <testcase name="Customer_Admin_Requestor_On_Tags" time="65.842" classname="com.org.Example.Tags_Create_Customer_Admin_Requestor"/>
</testsuite> <!-- com.org.Example.Tags_Create_Customer_Admin_Requestor -->
