<?xml version="1.0" encoding="UTF-8"?>
<!-- Generated by org.testng.reporters.JUnitReportReporter -->
<testsuite hostname="SDEI-himanshu13" name="com.org.Example.myproject.TestSearchAndConnect" tests="1" failures="0" timestamp="28 Jul 2016 14:25:30 GMT" time="84.274" errors="0">
  <testcase name="testSearchByIcixId" time="84.274" classname="com.org.Example.myproject.TestSearchAndConnect"/>
</testsuite> <!-- com.org.Example.myproject.TestSearchAndConnect -->
