<?xml version="1.0" encoding="UTF-8"?>
<!-- Generated by org.testng.reporters.JUnitReportReporter -->
<testsuite hostname="DESKTOP-32AV7CG" name="com.org.Example.myproject.Attributes_View_Standard_User_Requestor" tests="1" failures="0" timestamp="6 Aug 2016 07:16:23 GMT" time="55.583" errors="0">
  <testcase name="Standard_User_Requestor_On_Attributes" time="55.583" classname="com.org.Example.myproject.Attributes_View_Standard_User_Requestor"/>
</testsuite> <!-- com.org.Example.myproject.Attributes_View_Standard_User_Requestor -->
