<?xml version="1.0" encoding="UTF-8"?>
<!-- Generated by org.testng.reporters.JUnitReportReporter -->
<testsuite hostname="DESKTOP-32AV7CG" name="com.org.Example.Tags_Edit_Customer_Admin_Responder" tests="1" failures="0" timestamp="19 Aug 2016 12:13:03 GMT" time="70.556" errors="0">
  <testcase name="Customer_Admin_Responder_On_Tags" time="70.556" classname="com.org.Example.Tags_Edit_Customer_Admin_Responder"/>
</testsuite> <!-- com.org.Example.Tags_Edit_Customer_Admin_Responder -->
