<?xml version="1.0" encoding="UTF-8"?>
<!-- Generated by org.testng.reporters.JUnitReportReporter -->
<testsuite hostname="DESKTOP-32AV7CG" name="com.org.Example.myproject.TestTPGroupViewCARequestor" tests="1" failures="0" timestamp="6 Aug 2016 05:35:56 GMT" time="83.950" errors="0">
  <testcase name="ViewTPGroup" time="83.950" classname="com.org.Example.myproject.TestTPGroupViewCARequestor"/>
</testsuite> <!-- com.org.Example.myproject.TestTPGroupViewCARequestor -->
