<?xml version="1.0" encoding="UTF-8"?>
<!-- Generated by org.testng.reporters.JUnitReportReporter -->
<testsuite hostname="SDEI-himanshu13" name="com.org.Example.myproject.TestDeleteTPGroup" tests="1" failures="0" timestamp="29 Jul 2016 12:05:47 GMT" time="117.608" errors="0">
  <testcase name="DeleteTPGroup" time="117.608" classname="com.org.Example.myproject.TestDeleteTPGroup"/>
</testsuite> <!-- com.org.Example.myproject.TestDeleteTPGroup -->
