<?xml version="1.0" encoding="UTF-8"?>
<!-- Generated by org.testng.reporters.JUnitReportReporter -->
<testsuite hostname="DESKTOP-32AV7CG" name="com.org.Example.myproject.Tags_Delete_Customer_Admin_Requestor" tests="1" failures="0" timestamp="8 Aug 2016 06:57:03 GMT" time="85.261" errors="0">
  <testcase name="Customer_Admin_Requestor_On_Tags" time="85.261" classname="com.org.Example.myproject.Tags_Delete_Customer_Admin_Requestor"/>
</testsuite> <!-- com.org.Example.myproject.Tags_Delete_Customer_Admin_Requestor -->
