<?xml version="1.0" encoding="UTF-8"?>
<!-- Generated by org.testng.reporters.JUnitReportReporter -->
<testsuite hostname="DESKTOP-32AV7CG" name="com.org.Example.TestTPGroupCreateCAResponder" tests="1" failures="0" timestamp="25 Aug 2016 06:36:14 GMT" time="81.020" errors="0">
  <testcase name="CreateTPGroup" time="81.020" classname="com.org.Example.TestTPGroupCreateCAResponder"/>
</testsuite> <!-- com.org.Example.TestTPGroupCreateCAResponder -->
