<?xml version="1.0" encoding="UTF-8"?>
<!-- Generated by org.testng.reporters.JUnitReportReporter -->
<testsuite hostname="DESKTOP-32AV7CG" name="com.org.Example.TPG_Compliance_Edit_Customer_Admin_Requestor" tests="1" failures="0" timestamp="25 Aug 2016 08:22:32 GMT" time="64.026" errors="0">
  <testcase name="TPG_Compliance_Edit" time="64.026" classname="com.org.Example.TPG_Compliance_Edit_Customer_Admin_Requestor"/>
</testsuite> <!-- com.org.Example.TPG_Compliance_Edit_Customer_Admin_Requestor -->
