<?xml version="1.0" encoding="UTF-8"?>
<!-- Generated by org.testng.reporters.JUnitReportReporter -->
<testsuite hostname="DESKTOP-32AV7CG" name="com.org.Example.TPG_Compliance_Set_Send_Customer_Admin_Requestor" tests="1" failures="0" timestamp="25 Aug 2016 08:14:48 GMT" time="65.674" errors="0">
  <testcase name="TPG_Compliance_Set_then_Send" time="65.674" classname="com.org.Example.TPG_Compliance_Set_Send_Customer_Admin_Requestor"/>
</testsuite> <!-- com.org.Example.TPG_Compliance_Set_Send_Customer_Admin_Requestor -->
