<?xml version="1.0" encoding="UTF-8"?>
<!-- Generated by org.testng.reporters.JUnitReportReporter -->
<testsuite hostname="DESKTOP-32AV7CG" name="com.org.Example.myproject.Attributes_View_Customer_Admin_Responder" tests="1" failures="0" timestamp="6 Aug 2016 06:44:56 GMT" time="53.645" errors="0">
  <testcase name="Customer_Admin_Requestor_On_Attributes" time="53.645" classname="com.org.Example.myproject.Attributes_View_Customer_Admin_Responder"/>
</testsuite> <!-- com.org.Example.myproject.Attributes_View_Customer_Admin_Responder -->
