<?xml version="1.0" encoding="UTF-8"?>
<!-- Generated by org.testng.reporters.JUnitReportReporter -->
<testsuite hostname="DESKTOP-32AV7CG" name="com.org.Example.myproject.Document_Library_Create_Standard_User_Requestor" tests="1" failures="0" timestamp="9 Aug 2016 06:00:35 GMT" time="135.829" errors="0">
  <testcase name="Document_Library_Create" time="135.829" classname="com.org.Example.myproject.Document_Library_Create_Standard_User_Requestor"/>
</testsuite> <!-- com.org.Example.myproject.Document_Library_Create_Standard_User_Requestor -->
