<?xml version="1.0" encoding="UTF-8"?>
<!-- Generated by org.testng.reporters.JUnitReportReporter -->
<testsuite hostname="DESKTOP-32AV7CG" name="com.org.Example.TestTPGroupViewCARequestor" tests="1" failures="0" timestamp="25 Aug 2016 06:44:51 GMT" time="62.826" errors="0">
  <testcase name="ViewTPGroup" time="62.826" classname="com.org.Example.TestTPGroupViewCARequestor"/>
</testsuite> <!-- com.org.Example.TestTPGroupViewCARequestor -->
