<?xml version="1.0" encoding="UTF-8"?>
<!-- Generated by org.testng.reporters.JUnitReportReporter -->
<testsuite hostname="DESKTOP-32AV7CG" name="com.org.Example.Tags_Create_Customer_Admin_Responder" tests="1" failures="0" timestamp="25 Aug 2016 06:08:48 GMT" time="67.171" errors="0">
  <testcase name="Customer_Admin_Responder_On_Tags" time="67.171" classname="com.org.Example.Tags_Create_Customer_Admin_Responder"/>
</testsuite> <!-- com.org.Example.Tags_Create_Customer_Admin_Responder -->
