<?xml version="1.0" encoding="UTF-8"?>
<!-- Generated by org.testng.reporters.JUnitReportReporter -->
<testsuite hostname="DESKTOP-32AV7CG" name="com.org.Example.myproject.Attributes_Create_Customer_Admin_Responder" tests="1" failures="0" timestamp="8 Aug 2016 09:35:37 GMT" time="58.245" errors="0">
  <testcase name="Customer_Admin_Responder_On_Attributes" time="58.245" classname="com.org.Example.myproject.Attributes_Create_Customer_Admin_Responder"/>
</testsuite> <!-- com.org.Example.myproject.Attributes_Create_Customer_Admin_Responder -->
