<?xml version="1.0" encoding="UTF-8"?>
<!-- Generated by org.testng.reporters.JUnitReportReporter -->
<testsuite hostname="DESKTOP-32AV7CG" name="com.org.Example.Attributes_Create_Customer_Admin_Responder" tests="1" failures="0" timestamp="19 Aug 2016 07:24:34 GMT" time="71.179" errors="0">
  <testcase name="Customer_Admin_Responder_On_Attributes" time="71.179" classname="com.org.Example.Attributes_Create_Customer_Admin_Responder"/>
</testsuite> <!-- com.org.Example.Attributes_Create_Customer_Admin_Responder -->
