<?xml version="1.0" encoding="UTF-8"?>
<!-- Generated by org.testng.reporters.JUnitReportReporter -->
<testsuite hostname="harikrishnav-F07" name="com.org.Example.myproject.TestCreateTPGroupCARequestor" tests="1" failures="0" timestamp="1 Aug 2016 10:05:45 GMT" time="107.210" errors="0">
  <testcase name="CreateTPGroup" time="107.210" classname="com.org.Example.myproject.TestCreateTPGroupCARequestor"/>
</testsuite> <!-- com.org.Example.myproject.TestCreateTPGroupCARequestor -->
