<?xml version="1.0" encoding="UTF-8"?>
<!-- Generated by org.testng.reporters.JUnitReportReporter -->
<testsuite hostname="SDEI-himanshu13" name="com.org.Example.myproject.TestEditTPGroupCAResponder" tests="1" failures="0" timestamp="1 Aug 2016 05:08:51 GMT" time="138.860" errors="0">
  <testcase name="EditTPGroup" time="138.860" classname="com.org.Example.myproject.TestEditTPGroupCAResponder"/>
</testsuite> <!-- com.org.Example.myproject.TestEditTPGroupCAResponder -->
