<?xml version="1.0" encoding="UTF-8"?>
<!-- Generated by org.testng.reporters.JUnitReportReporter -->
<testsuite hostname="SDEI-himanshu13" name="com.org.Example.myproject.TestDeleteTPGroupCARequestor" tests="1" failures="0" timestamp="1 Aug 2016 06:03:05 GMT" time="97.849" errors="0">
  <testcase name="DeleteTPGroup" time="97.849" classname="com.org.Example.myproject.TestDeleteTPGroupCARequestor"/>
</testsuite> <!-- com.org.Example.myproject.TestDeleteTPGroupCARequestor -->
