<?xml version="1.0" encoding="UTF-8"?>
<!-- Generated by org.testng.reporters.JUnitReportReporter -->
<testsuite hostname="SDEI-himanshu13" name="com.org.Example.myproject.TestViewTPGroupSUResponder" tests="1" failures="0" timestamp="1 Aug 2016 05:05:20 GMT" time="100.539" errors="0">
  <testcase name="ViewTPGroup" time="100.539" classname="com.org.Example.myproject.TestViewTPGroupSUResponder"/>
</testsuite> <!-- com.org.Example.myproject.TestViewTPGroupSUResponder -->
