<?xml version="1.0" encoding="UTF-8"?>
<!-- Generated by org.testng.reporters.JUnitReportReporter -->
<testsuite hostname="DESKTOP-32AV7CG" name="com.org.Example.TestTPGroupDeleteCAResponder" tests="1" failures="0" timestamp="17 Aug 2016 09:20:32 GMT" time="74.299" errors="0">
  <testcase name="DeleteTPGroup" time="74.299" classname="com.org.Example.TestTPGroupDeleteCAResponder"/>
</testsuite> <!-- com.org.Example.TestTPGroupDeleteCAResponder -->
