<?xml version="1.0" encoding="UTF-8"?>
<!-- Generated by org.testng.reporters.JUnitReportReporter -->
<testsuite hostname="DESKTOP-32AV7CG" name="com.org.Example.Tags_Delete_Customer_Admin_Requestor" tests="1" failures="0" timestamp="22 Aug 2016 04:37:57 GMT" time="63.704" errors="0">
  <testcase name="Customer_Admin_Requestor_On_Tags" time="63.704" classname="com.org.Example.Tags_Delete_Customer_Admin_Requestor"/>
</testsuite> <!-- com.org.Example.Tags_Delete_Customer_Admin_Requestor -->
