<?xml version="1.0" encoding="UTF-8"?>
<!-- Generated by org.testng.reporters.JUnitReportReporter -->
<testsuite hostname="SDEI-himanshu13" name="com.org.Example.myproject.VerifyTestApproveRequest" tests="1" failures="0" timestamp="28 Jul 2016 12:09:45 GMT" time="102.713" errors="0">
  <testcase name="testApproveRequest" time="102.713" classname="com.org.Example.myproject.VerifyTestApproveRequest"/>
</testsuite> <!-- com.org.Example.myproject.VerifyTestApproveRequest -->
