<?xml version="1.0" encoding="UTF-8"?>
<!-- Generated by org.testng.reporters.JUnitReportReporter -->
<testsuite hostname="SDEI-himanshu13" name="com.org.Example.myproject.TestCreateTPGroupCAResponder" tests="1" failures="0" timestamp="1 Aug 2016 04:56:11 GMT" time="134.160" errors="0">
  <testcase name="DeleteTPGroup" time="134.160" classname="com.org.Example.myproject.TestCreateTPGroupCAResponder"/>
</testsuite> <!-- com.org.Example.myproject.TestCreateTPGroupCAResponder -->
