<?xml version="1.0" encoding="UTF-8"?>
<!-- Generated by org.testng.reporters.JUnitReportReporter -->
<testsuite hostname="SDEI-himanshu13" name="com.org.Example.myproject.testRequestJava" tests="1" failures="0" timestamp="28 Jul 2016 10:23:21 GMT" time="129.871" errors="0">
  <testcase name="TestCreateRequest" time="129.871" classname="com.org.Example.myproject.testRequestJava"/>
</testsuite> <!-- com.org.Example.myproject.testRequestJava -->
