<?xml version="1.0" encoding="UTF-8"?>
<!-- Generated by org.testng.reporters.JUnitReportReporter -->
<testsuite hostname="SDEI-himanshu13" name="com.org.Example.myproject.TC9648_Test" tests="1" failures="0" timestamp="26 Jul 2016 11:30:40 GMT" time="0.005" errors="1">
  <testcase name="testSearchByIcixId" time="0.005" classname="com.org.Example.myproject.TC9648_Test">
    <error type="org.openqa.selenium.WebDriverException" message="Failed to connect to binary FirefoxBinary(C:\Program Files (x86)\Mozilla Firefox\firefox.exe) on port 7055; process output follows: 
icon.png&quot;},&quot;iconURL&quot;:null,&quot;icon64URL&quot;:null,&quot;defaultLocale&quot;:{&quot;name&quot;:&quot;Default&quot;,&quot;description&quot;:&quot;The default theme.&quot;,&quot;creator&quot;:&quot;Mozilla&quot;,&quot;homepageURL&quot;:null,&quot;contributors&quot;:[&quot;Mozilla Contributors&quot;]},&quot;visible&quot;:true,&quot;active&quot;:true,&quot;userDisabled&quot;:false,&quot;appDisabled&quot;:false,&quot;descriptor&quot;:&quot;C:\\Program Files (x86)\\Mozilla Firefox\\browser\\extensions\\{972ce4c6-7e08-4474-a285-3208198ce6fd}.xpi&quot;,&quot;installDate&quot;:1469528606150,&quot;updateDate&quot;:1469528606150,&quot;applyBackgroundUpdates&quot;:1,&quot;skinnable&quot;:true,&quot;size&quot;:22012,&quot;sourceURI&quot;:null,&quot;releaseNotesURI&quot;:null,&quot;softDisabled&quot;:false,&quot;foreignInstall&quot;:false,&quot;hasBinaryComponents&quot;:false,&quot;strictCompatibility&quot;:true,&quot;locales&quot;:[],&quot;targetApplications&quot;:[{&quot;id&quot;:&quot;{ec8030f7-c20a-464f-9b0e-13a3a9e97384}&quot;,&quot;minVersion&quot;:&quot;47.0.1&quot;,&quot;maxVersion&quot;:&quot;47.0.1&quot;}],&quot;targetPlatforms&quot;:[],&quot;seen&quot;:true}
1469532595157	addons.xpi	DEBUG	getModTime: Recursive scan of {972ce4c6-7e08-4474-a285-3208198ce6fd}
1469532595158	DeferredSave.extensions.json	DEBUG	Save changes
1469532595158	addons.xpi	DEBUG	Updating database with changes to installed add-ons
1469532595158	addons.xpi-utils	DEBUG	Updating add-on states
1469532595159	addons.xpi-utils	DEBUG	Writing add-ons list
1469532595161	addons.xpi	DEBUG	Registering manifest for C:\Program Files (x86)\Mozilla Firefox\browser\features\e10srollout@mozilla.org.xpi
1469532595162	addons.xpi	DEBUG	Calling bootstrap method startup on e10srollout@mozilla.org version 1.0
1469532595162	addons.xpi	DEBUG	Registering manifest for C:\Program Files (x86)\Mozilla Firefox\browser\features\firefox@getpocket.com.xpi
1469532595162	addons.xpi	DEBUG	Calling bootstrap method startup on firefox@getpocket.com version 1.0.2
1469532595163	addons.xpi	DEBUG	Registering manifest for C:\Program Files (x86)\Mozilla Firefox\browser\features\loop@mozilla.org.xpi
1469532595163	addons.xpi	DEBUG	Calling bootstrap method startup on loop@mozilla.org version 1.3.2
1469532595179	addons.manager	DEBUG	Registering shutdown blocker for XPIProvider
1469532595179	addons.manager	DEBUG	Provider finished startup: XPIProvider
1469532595179	addons.manager	DEBUG	Starting provider: LightweightThemeManager
1469532595179	addons.manager	DEBUG	Registering shutdown blocker for LightweightThemeManager
1469532595179	addons.manager	DEBUG	Provider finished startup: LightweightThemeManager
1469532595180	addons.manager	DEBUG	Starting provider: GMPProvider
1469532595184	addons.manager	DEBUG	Registering shutdown blocker for GMPProvider
1469532595185	addons.manager	DEBUG	Provider finished startup: GMPProvider
1469532595185	addons.manager	DEBUG	Starting provider: PluginProvider
1469532595185	addons.manager	DEBUG	Registering shutdown blocker for PluginProvider
1469532595185	addons.manager	DEBUG	Provider finished startup: PluginProvider
1469532595185	addons.manager	DEBUG	Completed startup sequence
[GFX1]: Potential driver version mismatch ignored due to missing DLLs 0.0.0.0 and 0.0.0.0
Crash Annotation GraphicsCriticalError: |[0][GFX1-]: VendorIDMismatch V 0x8086 0x1414 (t=3.35833) [GFX1-]: VendorIDMismatch V 0x8086 0x1414
1469532597080	addons.manager	DEBUG	Starting provider: &lt;unnamed-provider&gt;
1469532597080	addons.manager	DEBUG	Registering shutdown blocker for &lt;unnamed-provider&gt;
1469532597080	addons.manager	DEBUG	Provider finished startup: &lt;unnamed-provider&gt;
1469532597082	DeferredSave.extensions.json	DEBUG	Starting write
1469532597365	addons.repository	DEBUG	No addons.json found.
1469532597365	DeferredSave.addons.json	DEBUG	Save changes
1469532597367	DeferredSave.addons.json	DEBUG	Starting timer
1469532597386	addons.manager	DEBUG	Starting provider: PreviousExperimentProvider
1469532597386	addons.manager	DEBUG	Registering shutdown blocker for PreviousExperimentProvider
1469532597387	addons.manager	DEBUG	Provider finished startup: PreviousExperimentProvider
1469532597388	DeferredSave.extensions.json	DEBUG	Write succeeded
1469532597388	addons.xpi-utils	DEBUG	XPI Database saved, setting schema version preference to 17
1469532597418	DeferredSave.addons.json	DEBUG	Starting write
1469532597619	DeferredSave.addons.json	DEBUG	Write succeeded

Build info: version: &#039;2.53.0&#039;, revision: &#039;35ae25b1534ae328c771e0856c93e187490ca824&#039;, time: &#039;2016-03-15 10:43:46&#039;
System info: host: &#039;SDEI-himanshu13&#039;, ip: &#039;172.24.4.111&#039;, os.name: &#039;Windows 8.1&#039;, os.arch: &#039;amd64&#039;, os.version: &#039;6.3&#039;, java.version: &#039;1.8.0_91&#039;
Driver info: driver.version: FirefoxDriver">
      <![CDATA[org.openqa.selenium.WebDriverException: Failed to connect to binary FirefoxBinary(C:\Program Files (x86)\Mozilla Firefox\firefox.exe) on port 7055; process output follows: 
icon.png"},"iconURL":null,"icon64URL":null,"defaultLocale":{"name":"Default","description":"The default theme.","creator":"Mozilla","homepageURL":null,"contributors":["Mozilla Contributors"]},"visible":true,"active":true,"userDisabled":false,"appDisabled":false,"descriptor":"C:\\Program Files (x86)\\Mozilla Firefox\\browser\\extensions\\{972ce4c6-7e08-4474-a285-3208198ce6fd}.xpi","installDate":1469528606150,"updateDate":1469528606150,"applyBackgroundUpdates":1,"skinnable":true,"size":22012,"sourceURI":null,"releaseNotesURI":null,"softDisabled":false,"foreignInstall":false,"hasBinaryComponents":false,"strictCompatibility":true,"locales":[],"targetApplications":[{"id":"{ec8030f7-c20a-464f-9b0e-13a3a9e97384}","minVersion":"47.0.1","maxVersion":"47.0.1"}],"targetPlatforms":[],"seen":true}
1469532595157	addons.xpi	DEBUG	getModTime: Recursive scan of {972ce4c6-7e08-4474-a285-3208198ce6fd}
1469532595158	DeferredSave.extensions.json	DEBUG	Save changes
1469532595158	addons.xpi	DEBUG	Updating database with changes to installed add-ons
1469532595158	addons.xpi-utils	DEBUG	Updating add-on states
1469532595159	addons.xpi-utils	DEBUG	Writing add-ons list
1469532595161	addons.xpi	DEBUG	Registering manifest for C:\Program Files (x86)\Mozilla Firefox\browser\features\e10srollout@mozilla.org.xpi
1469532595162	addons.xpi	DEBUG	Calling bootstrap method startup on e10srollout@mozilla.org version 1.0
1469532595162	addons.xpi	DEBUG	Registering manifest for C:\Program Files (x86)\Mozilla Firefox\browser\features\firefox@getpocket.com.xpi
1469532595162	addons.xpi	DEBUG	Calling bootstrap method startup on firefox@getpocket.com version 1.0.2
1469532595163	addons.xpi	DEBUG	Registering manifest for C:\Program Files (x86)\Mozilla Firefox\browser\features\loop@mozilla.org.xpi
1469532595163	addons.xpi	DEBUG	Calling bootstrap method startup on loop@mozilla.org version 1.3.2
1469532595179	addons.manager	DEBUG	Registering shutdown blocker for XPIProvider
1469532595179	addons.manager	DEBUG	Provider finished startup: XPIProvider
1469532595179	addons.manager	DEBUG	Starting provider: LightweightThemeManager
1469532595179	addons.manager	DEBUG	Registering shutdown blocker for LightweightThemeManager
1469532595179	addons.manager	DEBUG	Provider finished startup: LightweightThemeManager
1469532595180	addons.manager	DEBUG	Starting provider: GMPProvider
1469532595184	addons.manager	DEBUG	Registering shutdown blocker for GMPProvider
1469532595185	addons.manager	DEBUG	Provider finished startup: GMPProvider
1469532595185	addons.manager	DEBUG	Starting provider: PluginProvider
1469532595185	addons.manager	DEBUG	Registering shutdown blocker for PluginProvider
1469532595185	addons.manager	DEBUG	Provider finished startup: PluginProvider
1469532595185	addons.manager	DEBUG	Completed startup sequence
[GFX1]: Potential driver version mismatch ignored due to missing DLLs 0.0.0.0 and 0.0.0.0
Crash Annotation GraphicsCriticalError: |[0][GFX1-]: VendorIDMismatch V 0x8086 0x1414 (t=3.35833) [GFX1-]: VendorIDMismatch V 0x8086 0x1414
1469532597080	addons.manager	DEBUG	Starting provider: <unnamed-provider>
1469532597080	addons.manager	DEBUG	Registering shutdown blocker for <unnamed-provider>
1469532597080	addons.manager	DEBUG	Provider finished startup: <unnamed-provider>
1469532597082	DeferredSave.extensions.json	DEBUG	Starting write
1469532597365	addons.repository	DEBUG	No addons.json found.
1469532597365	DeferredSave.addons.json	DEBUG	Save changes
1469532597367	DeferredSave.addons.json	DEBUG	Starting timer
1469532597386	addons.manager	DEBUG	Starting provider: PreviousExperimentProvider
1469532597386	addons.manager	DEBUG	Registering shutdown blocker for PreviousExperimentProvider
1469532597387	addons.manager	DEBUG	Provider finished startup: PreviousExperimentProvider
1469532597388	DeferredSave.extensions.json	DEBUG	Write succeeded
1469532597388	addons.xpi-utils	DEBUG	XPI Database saved, setting schema version preference to 17
1469532597418	DeferredSave.addons.json	DEBUG	Starting write
1469532597619	DeferredSave.addons.json	DEBUG	Write succeeded

Build info: version: '2.53.0', revision: '35ae25b1534ae328c771e0856c93e187490ca824', time: '2016-03-15 10:43:46'
System info: host: 'SDEI-himanshu13', ip: '172.24.4.111', os.name: 'Windows 8.1', os.arch: 'amd64', os.version: '6.3', java.version: '1.8.0_91'
Driver info: driver.version: FirefoxDriver
	at org.openqa.selenium.firefox.internal.NewProfileExtensionConnection.start(NewProfileExtensionConnection.java:125)
	at org.openqa.selenium.firefox.FirefoxDriver.startClient(FirefoxDriver.java:271)
	at org.openqa.selenium.remote.RemoteWebDriver.<init>(RemoteWebDriver.java:119)
	at org.openqa.selenium.firefox.FirefoxDriver.<init>(FirefoxDriver.java:216)
	at org.openqa.selenium.firefox.FirefoxDriver.<init>(FirefoxDriver.java:211)
	at org.openqa.selenium.firefox.FirefoxDriver.<init>(FirefoxDriver.java:207)
	at org.openqa.selenium.firefox.FirefoxDriver.<init>(FirefoxDriver.java:120)
	at com.org.Example.myproject.TC9648_Test.beforeClass(TC9648_Test.java:27)
	at sun.reflect.NativeMethodAccessorImpl.invoke0(Native Method)
	at sun.reflect.NativeMethodAccessorImpl.invoke(Unknown Source)
	at sun.reflect.DelegatingMethodAccessorImpl.invoke(Unknown Source)
	at java.lang.reflect.Method.invoke(Unknown Source)
	at org.testng.internal.MethodInvocationHelper.invokeMethod(MethodInvocationHelper.java:86)
	at org.testng.internal.Invoker.invokeConfigurationMethod(Invoker.java:514)
	at org.testng.internal.Invoker.invokeConfigurations(Invoker.java:215)
	at org.testng.internal.Invoker.invokeConfigurations(Invoker.java:142)
	at org.testng.internal.TestMethodWorker.invokeBeforeClassMethods(TestMethodWorker.java:178)
	at org.testng.internal.TestMethodWorker.run(TestMethodWorker.java:108)
	at org.testng.TestRunner.privateRun(TestRunner.java:782)
	at org.testng.TestRunner.run(TestRunner.java:632)
	at org.testng.SuiteRunner.runTest(SuiteRunner.java:366)
	at org.testng.SuiteRunner.runSequentially(SuiteRunner.java:361)
	at org.testng.SuiteRunner.privateRun(SuiteRunner.java:319)
	at org.testng.SuiteRunner.run(SuiteRunner.java:268)
	at org.testng.SuiteRunnerWorker.runSuite(SuiteRunnerWorker.java:52)
	at org.testng.SuiteRunnerWorker.run(SuiteRunnerWorker.java:86)
	at org.testng.TestNG.runSuitesSequentially(TestNG.java:1244)
	at org.testng.TestNG.runSuitesLocally(TestNG.java:1169)
	at org.testng.TestNG.run(TestNG.java:1064)
	at org.testng.remote.AbstractRemoteTestNG.run(AbstractRemoteTestNG.java:126)
	at org.testng.remote.RemoteTestNG.initAndRun(RemoteTestNG.java:152)
	at org.testng.remote.RemoteTestNG.main(RemoteTestNG.java:57)
Caused by: org.openqa.selenium.firefox.NotConnectedException: Unable to connect to host 127.0.0.1 on port 7055 after 45000 ms. Firefox console output:
icon.png"},"iconURL":null,"icon64URL":null,"defaultLocale":{"name":"Default","description":"The default theme.","creator":"Mozilla","homepageURL":null,"contributors":["Mozilla Contributors"]},"visible":true,"active":true,"userDisabled":false,"appDisabled":false,"descriptor":"C:\\Program Files (x86)\\Mozilla Firefox\\browser\\extensions\\{972ce4c6-7e08-4474-a285-3208198ce6fd}.xpi","installDate":1469528606150,"updateDate":1469528606150,"applyBackgroundUpdates":1,"skinnable":true,"size":22012,"sourceURI":null,"releaseNotesURI":null,"softDisabled":false,"foreignInstall":false,"hasBinaryComponents":false,"strictCompatibility":true,"locales":[],"targetApplications":[{"id":"{ec8030f7-c20a-464f-9b0e-13a3a9e97384}","minVersion":"47.0.1","maxVersion":"47.0.1"}],"targetPlatforms":[],"seen":true}
1469532595157	addons.xpi	DEBUG	getModTime: Recursive scan of {972ce4c6-7e08-4474-a285-3208198ce6fd}
1469532595158	DeferredSave.extensions.json	DEBUG	Save changes
1469532595158	addons.xpi	DEBUG	Updating database with changes to installed add-ons
1469532595158	addons.xpi-utils	DEBUG	Updating add-on states
1469532595159	addons.xpi-utils	DEBUG	Writing add-ons list
1469532595161	addons.xpi	DEBUG	Registering manifest for C:\Program Files (x86)\Mozilla Firefox\browser\features\e10srollout@mozilla.org.xpi
1469532595162	addons.xpi	DEBUG	Calling bootstrap method startup on e10srollout@mozilla.org version 1.0
1469532595162	addons.xpi	DEBUG	Registering manifest for C:\Program Files (x86)\Mozilla Firefox\browser\features\firefox@getpocket.com.xpi
1469532595162	addons.xpi	DEBUG	Calling bootstrap method startup on firefox@getpocket.com version 1.0.2
1469532595163	addons.xpi	DEBUG	Registering manifest for C:\Program Files (x86)\Mozilla Firefox\browser\features\loop@mozilla.org.xpi
1469532595163	addons.xpi	DEBUG	Calling bootstrap method startup on loop@mozilla.org version 1.3.2
1469532595179	addons.manager	DEBUG	Registering shutdown blocker for XPIProvider
1469532595179	addons.manager	DEBUG	Provider finished startup: XPIProvider
1469532595179	addons.manager	DEBUG	Starting provider: LightweightThemeManager
1469532595179	addons.manager	DEBUG	Registering shutdown blocker for LightweightThemeManager
1469532595179	addons.manager	DEBUG	Provider finished startup: LightweightThemeManager
1469532595180	addons.manager	DEBUG	Starting provider: GMPProvider
1469532595184	addons.manager	DEBUG	Registering shutdown blocker for GMPProvider
1469532595185	addons.manager	DEBUG	Provider finished startup: GMPProvider
1469532595185	addons.manager	DEBUG	Starting provider: PluginProvider
1469532595185	addons.manager	DEBUG	Registering shutdown blocker for PluginProvider
1469532595185	addons.manager	DEBUG	Provider finished startup: PluginProvider
1469532595185	addons.manager	DEBUG	Completed startup sequence
[GFX1]: Potential driver version mismatch ignored due to missing DLLs 0.0.0.0 and 0.0.0.0
Crash Annotation GraphicsCriticalError: |[0][GFX1-]: VendorIDMismatch V 0x8086 0x1414 (t=3.35833) [GFX1-]: VendorIDMismatch V 0x8086 0x1414
1469532597080	addons.manager	DEBUG	Starting provider: <unnamed-provider>
1469532597080	addons.manager	DEBUG	Registering shutdown blocker for <unnamed-provider>
1469532597080	addons.manager	DEBUG	Provider finished startup: <unnamed-provider>
1469532597082	DeferredSave.extensions.json	DEBUG	Starting write
1469532597365	addons.repository	DEBUG	No addons.json found.
1469532597365	DeferredSave.addons.json	DEBUG	Save changes
1469532597367	DeferredSave.addons.json	DEBUG	Starting timer
1469532597386	addons.manager	DEBUG	Starting provider: PreviousExperimentProvider
1469532597386	addons.manager	DEBUG	Registering shutdown blocker for PreviousExperimentProvider
1469532597387	addons.manager	DEBUG	Provider finished startup: PreviousExperimentProvider
1469532597388	DeferredSave.extensions.json	DEBUG	Write succeeded
1469532597388	addons.xpi-utils	DEBUG	XPI Database saved, setting schema version preference to 17
1469532597418	DeferredSave.addons.json	DEBUG	Starting write
1469532597619	DeferredSave.addons.json	DEBUG	Write succeeded

	at org.openqa.selenium.firefox.internal.NewProfileExtensionConnection.start(NewProfileExtensionConnection.java:113)
	... 31 more
]]>
    </error>
  </testcase> <!-- testSearchByIcixId -->
</testsuite> <!-- com.org.Example.myproject.TC9648_Test -->
