<?xml version="1.0" encoding="UTF-8"?>
<!-- Generated by org.testng.reporters.JUnitReportReporter -->
<testsuite hostname="SDEI-himanshu13" name="com.org.Example.myproject.TestCreateTPGroup" tests="1" failures="0" timestamp="29 Jul 2016 12:21:18 GMT" time="155.167" errors="0">
  <testcase name="CreatingTPGroup" time="155.167" classname="com.org.Example.myproject.TestCreateTPGroup"/>
</testsuite> <!-- com.org.Example.myproject.TestCreateTPGroup -->
