<?xml version="1.0" encoding="UTF-8"?>
<!-- Generated by org.testng.reporters.JUnitReportReporter -->
<testsuite hostname="SDEI-himanshu13" name="com.org.Example.myproject.TA43008_Test" tests="1" failures="0" timestamp="29 Jul 2016 12:26:32 GMT" time="130.121" errors="0">
  <testcase name="CreatingTPGroup" time="130.121" classname="com.org.Example.myproject.TA43008_Test"/>
</testsuite> <!-- com.org.Example.myproject.TA43008_Test -->
