<?xml version="1.0" encoding="UTF-8"?>
<!-- Generated by org.testng.reporters.JUnitReportReporter -->
<testsuite hostname="DESKTOP-32AV7CG" name="com.org.Example.TP_Relationship_Create_Customer_admin_Requestor" tests="1" failures="0" timestamp="25 Aug 2016 07:18:22 GMT" time="85.065" errors="0">
  <testcase name="TP_Relationship_On_Customer_admin_Requestor" time="85.065" classname="com.org.Example.TP_Relationship_Create_Customer_admin_Requestor"/>
</testsuite> <!-- com.org.Example.TP_Relationship_Create_Customer_admin_Requestor -->
