<?xml version="1.0" encoding="UTF-8"?>
<!-- Generated by org.testng.reporters.JUnitReportReporter -->
<testsuite hostname="SDEI-himanshu13" name="com.org.Example.myproject.TestClass_Test" tests="1" failures="0" timestamp="28 Jul 2016 05:58:47 GMT" time="70.361" errors="0">
  <testcase name="Auccount_verification" time="70.361" classname="com.org.Example.myproject.TestClass_Test"/>
</testsuite> <!-- com.org.Example.myproject.TestClass_Test -->
