<?xml version="1.0" encoding="UTF-8"?>
<!-- Generated by org.testng.reporters.JUnitReportReporter -->
<testsuite hostname="DESKTOP-32AV7CG" name="com.org.Example.myproject.Attributes_View_Customer_Admin_Requestor" tests="1" failures="0" timestamp="6 Aug 2016 06:35:14 GMT" time="56.398" errors="0">
  <testcase name="Customer_Admin_Requestor_On_Attributes" time="56.398" classname="com.org.Example.myproject.Attributes_View_Customer_Admin_Requestor"/>
</testsuite> <!-- com.org.Example.myproject.Attributes_View_Customer_Admin_Requestor -->
