<?xml version="1.0" encoding="UTF-8"?>
<!-- Generated by org.testng.reporters.JUnitReportReporter -->
<testsuite hostname="SDEI-himanshu13" name="com.org.Example.myproject.TestApproveRequest" tests="1" failures="0" timestamp="28 Jul 2016 12:03:21 GMT" time="126.270" errors="0">
  <testcase name="testApproveRequest" time="126.270" classname="com.org.Example.myproject.TestApproveRequest"/>
</testsuite> <!-- com.org.Example.myproject.TestApproveRequest -->
