<?xml version="1.0" encoding="UTF-8"?>
<!-- Generated by org.testng.reporters.JUnitReportReporter -->
<testsuite hostname="harikrishnav-F07" name="com.org.Example.myproject.TestTPGroupCreateCAResponder" tests="1" failures="0" timestamp="5 Aug 2016 07:48:37 GMT" time="72.260" errors="0">
  <testcase name="CreateTPGroup" time="72.260" classname="com.org.Example.myproject.TestTPGroupCreateCAResponder"/>
</testsuite> <!-- com.org.Example.myproject.TestTPGroupCreateCAResponder -->
