<?xml version="1.0" encoding="UTF-8"?>
<!-- Generated by org.testng.reporters.JUnitReportReporter -->
<testsuite hostname="SDEI-himanshu13" name="com.org.Example.myproject.TestSubmitRequest" tests="1" failures="0" timestamp="28 Jul 2016 11:59:30 GMT" time="126.550" errors="0">
  <testcase name="testSubmitRequest" time="126.550" classname="com.org.Example.myproject.TestSubmitRequest"/>
</testsuite> <!-- com.org.Example.myproject.TestSubmitRequest -->
