<?xml version="1.0" encoding="UTF-8"?>
<!-- Generated by org.testng.reporters.JUnitReportReporter -->
<testsuite hostname="DESKTOP-32AV7CG" name="com.org.Example.TP_Relationship_view_Customer_admin_Requestor" tests="1" failures="0" timestamp="11 Aug 2016 05:24:43 GMT" time="78.190" errors="0">
  <testcase name="TP_Relationship_On_Customer_admin_Requestor" time="78.190" classname="com.org.Example.TP_Relationship_view_Customer_admin_Requestor"/>
</testsuite> <!-- com.org.Example.TP_Relationship_view_Customer_admin_Requestor -->
