<?xml version="1.0" encoding="UTF-8"?>
<!-- Generated by org.testng.reporters.JUnitReportReporter -->
<testsuite hostname="DESKTOP-32AV7CG" name="com.org.Example.TPG_Compliance_View_Customer_Admin_Requestor" tests="1" failures="0" timestamp="11 Aug 2016 06:56:55 GMT" time="76.531" errors="0">
  <testcase name="CreatingTPGroup" time="76.531" classname="com.org.Example.TPG_Compliance_View_Customer_Admin_Requestor"/>
</testsuite> <!-- com.org.Example.TPG_Compliance_View_Customer_Admin_Requestor -->
