<?xml version="1.0" encoding="UTF-8"?>
<!-- Generated by org.testng.reporters.JUnitReportReporter -->
<testsuite hostname="DESKTOP-32AV7CG" name="com.org.Example.TP_Relationship_Edit_Standard_User_Responder" tests="1" failures="0" timestamp="25 Aug 2016 07:34:59 GMT" time="67.934" errors="0">
  <testcase name="TP_Relationship_On_Customer_admin_Requestor" time="67.934" classname="com.org.Example.TP_Relationship_Edit_Standard_User_Responder"/>
</testsuite> <!-- com.org.Example.TP_Relationship_Edit_Standard_User_Responder -->
