<?xml version="1.0" encoding="UTF-8"?>
<!-- Generated by org.testng.reporters.JUnitReportReporter -->
<testsuite hostname="DESKTOP-32AV7CG" name="com.org.Example.myproject.Attributes_Delete_Customer_Admin_Responder" tests="1" failures="0" timestamp="6 Aug 2016 07:08:41 GMT" time="58.735" errors="0">
  <testcase name="Customer_Admin_Responder_On_Attributes" time="58.735" classname="com.org.Example.myproject.Attributes_Delete_Customer_Admin_Responder"/>
</testsuite> <!-- com.org.Example.myproject.Attributes_Delete_Customer_Admin_Responder -->
