<?xml version="1.0" encoding="UTF-8"?>
<!-- Generated by org.testng.reporters.JUnitReportReporter -->
<testsuite hostname="DESKTOP-32AV7CG" name="com.org.Example.Attributes_Edit_Customer_Admin_Responder" tests="1" failures="0" timestamp="19 Aug 2016 11:29:23 GMT" time="71.945" errors="0">
  <testcase name="Customer_Admin_Responder_On_Attributes" time="71.945" classname="com.org.Example.Attributes_Edit_Customer_Admin_Responder"/>
</testsuite> <!-- com.org.Example.Attributes_Edit_Customer_Admin_Responder -->
