<?xml version="1.0" encoding="UTF-8"?>
<!-- Generated by org.testng.reporters.JUnitReportReporter -->
<testsuite hostname="DESKTOP-32AV7CG" name="com.org.Example.TestTPGroupDeleteCARequestor" tests="1" failures="0" timestamp="17 Aug 2016 09:20:11 GMT" time="77.001" errors="0">
  <testcase name="DeleteTPGroup" time="77.001" classname="com.org.Example.TestTPGroupDeleteCARequestor"/>
</testsuite> <!-- com.org.Example.TestTPGroupDeleteCARequestor -->
