<?xml version="1.0" encoding="UTF-8"?>
<!-- Generated by org.testng.reporters.JUnitReportReporter -->
<testsuite hostname="SDEI-himanshu13" name="com.org.Example.myproject.TestCreateRequest" tests="1" failures="0" timestamp="1 Aug 2016 06:29:02 GMT" time="132.108" errors="0">
  <testcase name="TestCreateRequest" time="132.108" classname="com.org.Example.myproject.TestCreateRequest"/>
</testsuite> <!-- com.org.Example.myproject.TestCreateRequest -->
