<?xml version="1.0" encoding="UTF-8"?>
<!-- Generated by org.testng.reporters.JUnitReportReporter -->
<testsuite hostname="DESKTOP-32AV7CG" name="com.org.Example.myproject.Tags_Create_Customer_Admin_Requestor" tests="1" failures="0" timestamp="8 Aug 2016 06:04:44 GMT" time="53.396" errors="0">
  <testcase name="Customer_Admin_Requestor_On_Tags" time="53.396" classname="com.org.Example.myproject.Tags_Create_Customer_Admin_Requestor"/>
</testsuite> <!-- com.org.Example.myproject.Tags_Create_Customer_Admin_Requestor -->
