<?xml version="1.0" encoding="UTF-8"?>
<!-- Generated by org.testng.reporters.JUnitReportReporter -->
<testsuite hostname="DESKTOP-32AV7CG" name="com.org.Example.TestTPGroupDeleteCARequestor" tests="1" failures="0" timestamp="25 Aug 2016 06:38:30 GMT" time="74.028" errors="0">
  <testcase name="DeleteTPGroup" time="74.028" classname="com.org.Example.TestTPGroupDeleteCARequestor"/>
</testsuite> <!-- com.org.Example.TestTPGroupDeleteCARequestor -->
