<?xml version="1.0" encoding="UTF-8"?>
<!-- Generated by org.testng.reporters.JUnitReportReporter -->
<testsuite hostname="DESKTOP-32AV7CG" name="com.org.Example.TestTPGroupEditCAResponder" tests="1" failures="0" timestamp="25 Aug 2016 06:43:27 GMT" time="82.943" errors="0">
  <testcase name="EditTPGroup" time="82.943" classname="com.org.Example.TestTPGroupEditCAResponder"/>
</testsuite> <!-- com.org.Example.TestTPGroupEditCAResponder -->
