<?xml version="1.0" encoding="UTF-8"?>
<!-- Generated by org.testng.reporters.JUnitReportReporter -->
<testsuite hostname="DESKTOP-32AV7CG" name="com.org.Example.TPG_Compliance_Delete_Customer_Admin_Requestor" tests="1" failures="0" timestamp="25 Aug 2016 08:23:58 GMT" time="63.612" errors="0">
  <testcase name="TPG_Compliance_Delete" time="63.612" classname="com.org.Example.TPG_Compliance_Delete_Customer_Admin_Requestor"/>
</testsuite> <!-- com.org.Example.TPG_Compliance_Delete_Customer_Admin_Requestor -->
