<?xml version="1.0" encoding="UTF-8"?>
<!-- Generated by org.testng.reporters.JUnitReportReporter -->
<testsuite hostname="DESKTOP-32AV7CG" name="com.org.Example.myproject.Tags_View_Customer_Admin_Requestor" tests="1" failures="0" timestamp="9 Aug 2016 08:47:50 GMT" time="48.144" errors="0">
  <testcase name="Customer_Admin_Requestor_On_Tags" time="48.144" classname="com.org.Example.myproject.Tags_View_Customer_Admin_Requestor"/>
</testsuite> <!-- com.org.Example.myproject.Tags_View_Customer_Admin_Requestor -->
