<?xml version="1.0" encoding="UTF-8"?>
<!-- Generated by org.testng.reporters.JUnitReportReporter -->
<testsuite hostname="SDEI-himanshu13" name="com.org.Example.myproject.TestViewTPGroupSURequestor" tests="1" failures="0" timestamp="1 Aug 2016 05:02:59 GMT" time="85.734" errors="0">
  <testcase name="ViewTPGroup" time="85.734" classname="com.org.Example.myproject.TestViewTPGroupSURequestor"/>
</testsuite> <!-- com.org.Example.myproject.TestViewTPGroupSURequestor -->
