<?xml version="1.0" encoding="UTF-8"?>
<!-- Generated by org.testng.reporters.JUnitReportReporter -->
<testsuite hostname="SDEI-himanshu13" name="com.org.Example.myproject.TestTPGroupAddTPTags" tests="1" failures="0" timestamp="28 Jul 2016 14:17:41 GMT" time="83.376" errors="0">
  <testcase name="testSearchByIcixId" time="83.376" classname="com.org.Example.myproject.TestTPGroupAddTPTags"/>
</testsuite> <!-- com.org.Example.myproject.TestTPGroupAddTPTags -->
